make all --print-data-base --no-builtin-variables --no-builtin-rules --question
# GNU Make 4.3
# Built for x86_64-pc-linux-gnu
# Copyright (C) 1988-2020 Free Software Foundation, Inc.
# License GPLv3+: GNU GPL version 3 or later <http://gnu.org/licenses/gpl.html>
# This is free software: you are free to change and redistribute it.
# There is NO WARRANTY, to the extent permitted by law.
 

# Make data base, printed on Tue Aug  9 09:23:18 2022

# Variables

# environment
LC_ALL = C
# environment
WSLENV = VSCODE_WSL_EXT_LOCATION/up
# environment
VSCODE_CWD = /mnt/c/Users/Septian/AppData/Local/Programs/Microsoft VS Code
# makefile (from 'Makefile', line 6)
DOCKER_DEBIAN_MIRROR = http://deb.debian.org/debian
# default
MAKE_COMMAND := make
# environment
VSCODE_HANDLES_SIGPIPE = true
# environment
GOPATH = /home/septian/go
# automatic
@D = $(patsubst %/,%,$(dir $@))
# makefile (from 'Makefile', line 3)
DOCKER_CONTAINER_NAME = addons-bg-service
# environment
VSCODE_HANDLES_UNCAUGHT_ERRORS = true
# makefile (from 'Makefile', line 12)
BINARY = addons-bg-service
# default
.VARIABLES := 
# environment
PWD = /home/septian/Documents/Works/addons-bg
# automatic
%D = $(patsubst %/,%,$(dir $%))
# makefile (from 'Makefile', line 9)
BUILD_VERSION = 0.1.0
# automatic
^D = $(patsubst %/,%,$(dir $^))
# automatic
%F = $(notdir $%)
# environment
LANG = C
# default
.LOADED := 
# default
.INCLUDE_DIRS = /usr/local/include /usr/include /usr/include
# makefile
MAKEFLAGS = pqrR
# makefile
CURDIR := /home/septian/Documents/Works/addons-bg
# environment
APPLICATION_INSIGHTS_NO_DIAGNOSTIC_CHANNEL = true
# automatic
*D = $(patsubst %/,%,$(dir $*))
# environment
MFLAGS = -pqrR
# default
.SHELLFLAGS := -c
# automatic
+D = $(patsubst %/,%,$(dir $+))
# makefile (from 'Makefile', line 1)
MAKEFILE_LIST := Makefile
# automatic
@F = $(notdir $@)
# automatic
?D = $(patsubst %/,%,$(dir $?))
# makefile (from 'Makefile', line 8)
BUILD_DATE = $(shell date -u +'%Y-%m-%dT00:00:00Z')
# automatic
*F = $(notdir $*)
# automatic
<D = $(patsubst %/,%,$(dir $<))
# environment
VSCODE_NLS_CONFIG = {"locale":"en","availableLanguages":{}}
# default
MAKE_HOST := x86_64-pc-linux-gnu
# makefile
SHELL = /bin/sh
# default
MAKECMDGOALS := all
# environment
SHLVL = 0
# environment
MAKELEVEL := 0
# default
MAKE = $(MAKE_COMMAND)
# environment
PATH = /usr/local/go/bin:/home/septian/.vscode-server/bin/3b889b090b5ad5793f524b5d1d39fda662b96a2a/bin/remote-cli:/usr/local/sbin:/usr/local/bin:/usr/sbin:/usr/bin:/sbin:/bin:/usr/games:/usr/local/games:/usr/lib/wsl/lib:/mnt/c/Windows/system32:/mnt/c/Windows:/mnt/c/Windows/System32/Wbem:/mnt/c/Windows/System32/WindowsPowerShell/v1.0/:/mnt/c/Windows/System32/OpenSSH/:/mnt/c/Program Files/PuTTY/:/mnt/c/Users/Septian/AppData/Local/Microsoft/WindowsApps:/mnt/c/Users/Septian/AppData/Local/Programs/Microsoft VS Code/bin
# default
MAKEFILES := 
# automatic
^F = $(notdir $^)
# automatic
?F = $(notdir $?)
# environment
NAME = N46VZ-SM
# makefile (from 'Makefile', line 4)
DOCKER_CONTAINER_IMAGE = addons-bg-service:latest
# environment
HOSTTYPE = x86_64
# automatic
+F = $(notdir $+)
# environment
WSL_INTEROP = /run/WSL/12_interop
# 'override' directive
GNUMAKEFLAGS := 
# makefile (from 'Makefile', line 5)
DOCKER_BUILD_ARGS = 
# environment
LOGNAME = septian
# environment
VSCODE_WSL_EXT_LOCATION = /mnt/c/Users/Septian/.vscode/extensions/ms-vscode-remote.remote-wsl-0.66.3
# makefile
.DEFAULT_GOAL := build
# environment
USER = septian
# default
MAKE_VERSION := 4.3
# makefile (from 'Makefile', line 11)
TOPDIR = $(PWD)
# makefile (from 'Makefile', line 1)
DOCKERCMD = docker
# environment
_ = /usr/bin/sh
# environment
VSCODE_IPC_HOOK_CLI = /tmp/vscode-ipc-2bb1db13-362a-4875-8887-170df6347d06.sock
# environment
GOMODCACHE = /home/septian/go/pkg/mod
# environment
VSCODE_AMD_ENTRYPOINT = vs/workbench/api/node/extensionHostProcess
# environment
HOME = /home/septian
# environment
ELECTRON_RUN_AS_NODE = 1
# environment
TERM = xterm-256color
# environment
GOPROXY = https://proxy.golang.org,direct
# default
.RECIPEPREFIX := 
# automatic
<F = $(notdir $<)
# default
SUFFIXES := 
# environment
WSL_DISTRO_NAME = Ubuntu-22.04
# default
.FEATURES := target-specific order-only second-expansion else-if shortest-stem undefine oneshell nocomment grouped-target extra-prereqs archives jobserver output-sync check-symlink load
# variable set hash-table stats:
# Load=71/1024=7%, Rehash=0, Collisions=2/110=2%

# Pattern-specific Variable Values

# No pattern-specific variable values.

# Directories

# . (device 2064, inode 122512): 22 files, no impossibilities.

# 22 files, no impossibilities in 1 directories.

# Implicit Rules

guard-%:
#  recipe to execute (from 'Makefile', line 28):
	@if [ -z '${${*}}' ]; then echo 'Environment variable $* not set' && exit 1; fi

# 1 implicit rules, 0 (0.0%) terminal.
# Files

depend:
#  Phony target (prerequisite of .PHONY).
#  Implicit rule search has not been done.
#  Implicit/static pattern stem: ''
#  File does not exist.
#  File has been updated.
#  Needs to be updated (-q is set).
# automatic
# @ := depend
# automatic
# * := 
# automatic
# < := 
# automatic
# + := 
# automatic
# % := 
# automatic
# ^ := 
# automatic
# ? := 
# automatic
# | := 
# variable set hash-table stats:
# Load=8/32=25%, Rehash=0, Collisions=1/11=9%
#  recipe to execute (from 'Makefile', line 55):
	@echo "Pulling all Go dependencies"
	go mod download
	go mod verify
	go mod tidy
	@echo "You can now run 'make build' to compile all packages"

solr:
#  Phony target (prerequisite of .PHONY).
#  Implicit rule search has not been done.
#  File does not exist.
#  File has not been updated.

generate:
#  Implicit rule search has not been done.
#  Modification time never checked.
#  File has not been updated.
#  recipe to execute (from 'Makefile', line 46):
	go generate ./...

default: depend
#  Implicit rule search has not been done.
#  Modification time never checked.
#  File has not been updated.

# Not a target:
Makefile:
#  Implicit rule search has been done.
#  Last modified 2022-07-21 11:19:33.3143815
#  File has been updated.
#  Successfully updated.

migrate-db:
#  Implicit rule search has not been done.
#  Modification time never checked.
#  File has not been updated.
#  recipe to execute (from 'Makefile', line 52):
	go run ./server/ db-migrate

clean:
#  Phony target (prerequisite of .PHONY).
#  Implicit rule search has not been done.
#  File does not exist.
 
#  File has not been updated.
#  recipe to execute (from 'Makefile', line 71):
	rm -f $(BINARY)
	rm -f $(BINARY).exe

unit-test:
#  Phony target (prerequisite of .PHONY).
#  Implicit rule search has not been done.
#  File does not exist.
#  File has not been updated.
#  recipe to execute (from 'Makefile', line 41):
	@echo "Executing go unit test"
	go test -v -json -count=1 -parallel=4 ./...
	@echo "Unit test done"

proto-gen:
#  Implicit rule search has not been done.
#  Modification time never checked.
#  File has not been updated.
#  recipe to execute (from 'Makefile', line 75):
	protoc --proto_path=./proto ./proto/*.proto \
		--proto_path=./proto/libs \
		--plugin=$(go env GOPATH)/bin/protoc-gen-go.exe \
		--plugin=$(go env GOPATH)/bin/protoc-gen-govalidators.exe \
		--go_out=./server/pb --go_opt paths=source_relative \
		--govalidators_out=./server
	protoc --proto_path=./proto ./proto/bg_api.proto \
		--proto_path=./proto/libs \
		--plugin=$(go env GOPATH)/bin/protoc-gen-grpc-gateway.exe \
		--plugin=$(go env GOPATH)/bin/protoc-gen-openapiv2.exe \
		--plugin=$(go env GOPATH)/bin/protoc-gen-go-grpc.exe \
		--go-grpc_out=./server/pb --go-grpc_opt paths=source_relative \
		--grpc-gateway_out ./server/pb \
		--grpc-gateway_opt allow_delete_body=true,logtostderr=true,paths=source_relative,repeated_path_param_separator=ssv \
		--openapiv2_out ./proto \
		--openapiv2_opt logtostderr=true,repeated_path_param_separator=ssv
	mv ./proto/bg_api.swagger.json ./www/swagger.json
	protoc --proto_path=./proto ./proto/bg_gorm_db.proto \
	--proto_path=./proto/libs \
	--plugin=$(go env GOPATH)/bin/protoc-gen-gorm.exe \
	--gorm_out=./server

# Not a target:
.DEFAULT:
#  Implicit rule search has not been done.
#  Modification time never checked.
#  File has not been updated.

all: depend generate build unit-test
#  Phony target (prerequisite of .PHONY).
#  Command line target.
#  Implicit rule search has not been done.
#  File does not exist.
#  File has been updated.
#  Needs to be updated (-q is set).
# variable set hash-table stats:
# Load=0/32=0%, Rehash=0, Collisions=0/3=0%

run:
#  Implicit rule search has not been done.
#  Modification time never checked.
#  File has not been updated.
#  recipe to execute (from 'Makefile', line 49):
	go run ./server/ grpc-gw-server --port1 9124 --port2 3124 --grpc-endpoint :9124

vet:
#  Phony target (prerequisite of .PHONY).
#  Implicit rule search has not been done.
#  File does not exist.
#  File has not been updated.
#  recipe to execute (from 'Makefile', line 36):
	@echo "Running Go static code analysis with go vet"
	go vet -asmdecl -atomic -bool -buildtags -copylocks -httpresponse -loopclosure -lostcancel -methods -nilfunc -printf -rangeloops -shift -structtag -tests -unreachable -unsafeptr ./...
	@echo "go vet complete"

build:
#  Phony target (prerequisite of .PHONY).
#  Implicit rule search has not been done.
#  File does not exist.
#  File has not been updated.
#  recipe to execute (from 'Makefile', line 31):
	@echo "Executing go build"
	go build -v -buildmode=pie -ldflags "-X main.version=$(BUILD_VERSION)" -o app ./server/
	@echo "Binary ready"

.FORCE:
#  Phony target (prerequisite of .PHONY).
#  Implicit rule search has not been done.
#  File does not exist.
#  File has not been updated.

generates:
#  Phony target (prerequisite of .PHONY).
#  Implicit rule search has not been done.
#  File does not exist.
#  File has not been updated.

install: depend build
#  Phony target (prerequisite of .PHONY).
#  Implicit rule search has not been done.
#  File does not exist.
#  File has not been updated.

docker-build:
#  Phony target (prerequisite of .PHONY).
#  Implicit rule search has not been done.
#  File does not exist.
#  File has not been updated.
#  recipe to execute (from 'Makefile', line 62):
	$(DOCKERCMD) build -t $(DOCKER_CONTAINER_IMAGE) --build-arg GOPROXY=$(GOPROXY) --build-arg GOSUMDB=$(GOSUMDB) --build-arg BUILD_VERSION=$(BUILD_VERSION) $(DOCKER_BUILD_ARGS) .

# Not a target:
.SUFFIXES:
#  Implicit rule search has not been done.
#  Modification time never checked.
#  File has not been updated.

.PHONY: build vet unit-test generates depend docker-build solr clean install all .FORCE
#  Implicit rule search has not been done.
#  Modification time never checked.
#  File has not been updated.

# files hash-table stats:
# Load=20/1024=2%, Rehash=0, Collisions=0/67=0%
# VPATH Search Paths

# No 'vpath' search paths.

# No general ('VPATH' variable) search path.

# strcache buffers: 1 (0) / strings = 44 / storage = 403 B / avg = 9 B
# current buf: size = 8162 B / used = 403 B / count = 44 / avg = 9 B

# strcache performance: lookups = 101 / hit rate = 56%
# hash-table stats:
# Load=44/8192=1%, Rehash=0, Collisions=0/101=0%
# Finished Make data base on Tue Aug  9 09:23:18 2022

 
